  [1m[36m (1.6ms)[0m  [1mCREATE TABLE "schema_migrations" ("version" varchar NOT NULL) [0m
  [1m[35m (0.1ms)[0m  select sqlite_version(*)
  [1m[36m (1.5ms)[0m  [1mCREATE UNIQUE INDEX "unique_schema_migrations" ON "schema_migrations" ("version")[0m
  [1m[35mActiveRecord::SchemaMigration Load (0.1ms)[0m  SELECT "schema_migrations".* FROM "schema_migrations"
Migrating to CreateProjects (20150721181410)
  [1m[36m (0.1ms)[0m  [1mbegin transaction[0m
  [1m[35m (0.4ms)[0m  CREATE TABLE "projects" ("id" INTEGER PRIMARY KEY AUTOINCREMENT NOT NULL, "name" varchar, "description" text, "funding_goal" integer, "start_date" datetime, "end_date" datetime, "owner_id" integer, "created_at" datetime NOT NULL, "updated_at" datetime NOT NULL) 
  [1m[36m (0.1ms)[0m  [1mCREATE  INDEX "index_projects_on_owner_id" ON "projects" ("owner_id")[0m
  [1m[35mSQL (0.1ms)[0m  INSERT INTO "schema_migrations" ("version") VALUES (?)  [["version", "20150721181410"]]
  [1m[36m (1.5ms)[0m  [1mcommit transaction[0m
  [1m[35mActiveRecord::SchemaMigration Load (0.1ms)[0m  SELECT "schema_migrations".* FROM "schema_migrations"
  [1m[36m (0.2ms)[0m  [1m            SELECT sql
            FROM sqlite_master
            WHERE name='index_projects_on_owner_id' AND type='index'
            UNION ALL
            SELECT sql
            FROM sqlite_temp_master
            WHERE name='index_projects_on_owner_id' AND type='index'
[0m
  [1m[36mActiveRecord::SchemaMigration Load (0.5ms)[0m  [1mSELECT "schema_migrations".* FROM "schema_migrations"[0m
Migrating to SorceryCore (20150721183642)
  [1m[35m (0.1ms)[0m  begin transaction
DEPRECATION WARNING: `#timestamp` was called without specifying an option for `null`. In Rails 5, this behavior will change to `null: false`. You should manually specify `null: true` to prevent the behavior of your existing migrations from changing. (called from block in change at /Users/rheaganapathy/code/crowdfunder/db/migrate/20150721183642_sorcery_core.rb:10)
  [1m[36m (0.5ms)[0m  [1mCREATE TABLE "users" ("id" INTEGER PRIMARY KEY AUTOINCREMENT NOT NULL, "email" varchar NOT NULL, "first_name" varchar, "last_name" varchar, "crypted_password" varchar, "salt" varchar, "created_at" datetime, "updated_at" datetime) [0m
  [1m[35m (0.1ms)[0m  select sqlite_version(*)
  [1m[36m (0.4ms)[0m  [1mCREATE UNIQUE INDEX "index_users_on_email" ON "users" ("email")[0m
  [1m[35mSQL (0.3ms)[0m  INSERT INTO "schema_migrations" ("version") VALUES (?)  [["version", "20150721183642"]]
  [1m[36m (33.7ms)[0m  [1mcommit transaction[0m
  [1m[35mActiveRecord::SchemaMigration Load (0.1ms)[0m  SELECT "schema_migrations".* FROM "schema_migrations"
  [1m[36m (0.2ms)[0m  [1m            SELECT sql
            FROM sqlite_master
            WHERE name='index_projects_on_owner_id' AND type='index'
            UNION ALL
            SELECT sql
            FROM sqlite_temp_master
            WHERE name='index_projects_on_owner_id' AND type='index'
[0m
  [1m[35m (0.2ms)[0m              SELECT sql
            FROM sqlite_master
            WHERE name='index_users_on_email' AND type='index'
            UNION ALL
            SELECT sql
            FROM sqlite_temp_master
            WHERE name='index_users_on_email' AND type='index'



Started GET "/users" for ::1 at 2015-07-21 14:50:54 -0400
  [1m[36mActiveRecord::SchemaMigration Load (0.2ms)[0m  [1mSELECT "schema_migrations".* FROM "schema_migrations"[0m
Processing by UsersController#index as HTML
  [1m[35mUser Load (0.2ms)[0m  SELECT "users".* FROM "users"
  Rendered users/index.html.erb within layouts/application (4.5ms)
Completed 200 OK in 3256ms (Views: 3212.2ms | ActiveRecord: 0.4ms)


Started GET "/assets/scaffolds.self-03e9a9109effcf154b969123043d62c18bce00b20195c92ee220707a3180b939.css?body=1" for ::1 at 2015-07-21 14:50:57 -0400


Started GET "/users/new" for ::1 at 2015-07-21 14:51:09 -0400
Processing by UsersController#new as HTML
  Rendered users/_form.html.erb (123.1ms)
  Rendered users/new.html.erb within layouts/application (144.6ms)
Completed 200 OK in 203ms (Views: 191.8ms | ActiveRecord: 0.4ms)


Started GET "/users/new" for ::1 at 2015-07-21 14:59:05 -0400
Processing by UsersController#new as HTML
  Rendered users/_form.html.erb (15.8ms)
  Rendered users/new.html.erb within layouts/application (18.5ms)
Completed 200 OK in 69ms (Views: 67.6ms | ActiveRecord: 0.0ms)


Started GET "/assets/application.self-e80e8f2318043e8af94dddc2adad5a4f09739a8ebb323b3ab31cd71d45fd9113.css?body=1" for ::1 at 2015-07-21 14:59:05 -0400


Started GET "/assets/users.self-e3b0c44298fc1c149afbf4c8996fb92427ae41e4649b934ca495991b7852b855.css?body=1" for ::1 at 2015-07-21 14:59:05 -0400


Started GET "/assets/scaffolds.self-03e9a9109effcf154b969123043d62c18bce00b20195c92ee220707a3180b939.css?body=1" for ::1 at 2015-07-21 14:59:05 -0400


Started GET "/assets/jquery.self-d03a5518f45df77341bdbe6201ba3bfa547ebba8ed64f0ea56bfa5f96ea7c074.js?body=1" for ::1 at 2015-07-21 14:59:05 -0400


Started GET "/assets/jquery_ujs.self-ca5248a2fad13d6bd58ea121318d642f195f0b2dd818b30615f785ff365e8d1f.js?body=1" for ::1 at 2015-07-21 14:59:05 -0400


Started GET "/assets/application.self-3b8dabdc891efe46b9a144b400ad69e37d7e5876bdc39dee783419a69d7ca819.js?body=1" for ::1 at 2015-07-21 14:59:05 -0400


Started GET "/assets/users.self-877aef30ae1b040ab8a3aba4e3e309a11d7f2612f44dde450b5c157aa5f95c05.js?body=1" for ::1 at 2015-07-21 14:59:05 -0400


Started GET "/assets/turbolinks.self-c37727e9bd6b2735da5c311aa83fead54ed0be6cc8bd9a65309e9c5abe2cbfff.js?body=1" for ::1 at 2015-07-21 14:59:05 -0400


Started POST "/users" for ::1 at 2015-07-21 14:59:42 -0400
Processing by UsersController#create as HTML
  Parameters: {"utf8"=>"✓", "authenticity_token"=>"X0HqMA1up6KkcaZA2oDgl6Lj1PBNOur6nk33Ov/f96vqIY3RAb6vvwsU408H9KSb9LV7Gz8oDin5mp7firdTpw==", "user"=>{"email"=>"john@doe.com", "first_name"=>"John", "last_name"=>"Doe", "password"=>"[FILTERED]", "password_confirmation"=>"[FILTERED]"}, "commit"=>"Create User"}
  [1m[36m (0.2ms)[0m  [1mbegin transaction[0m
  [1m[35mUser Exists (0.2ms)[0m  SELECT  1 AS one FROM "users" WHERE "users"."email" = 'john@doe.com' LIMIT 1
  [1m[36mSQL (0.5ms)[0m  [1mINSERT INTO "users" ("email", "first_name", "last_name", "salt", "crypted_password", "created_at", "updated_at") VALUES (?, ?, ?, ?, ?, ?, ?)[0m  [["email", "john@doe.com"], ["first_name", "John"], ["last_name", "Doe"], ["salt", "pTFCvWwwQRwzEv3kH2ys"], ["crypted_password", "$2a$10$XOLLP5TUGaXI4lz4ykA9KeiqtWaJ4pwalvc7tn6gsgdGMwzMPAisC"], ["created_at", "2015-07-21 18:59:42.370704"], ["updated_at", "2015-07-21 18:59:42.370704"]]
  [1m[35m (29.9ms)[0m  commit transaction
Redirected to http://localhost:3000/users/1
Completed 302 Found in 386ms (ActiveRecord: 30.9ms)


Started GET "/users/1" for ::1 at 2015-07-21 14:59:42 -0400
Processing by UsersController#show as HTML
  Parameters: {"id"=>"1"}
  [1m[36mUser Load (0.3ms)[0m  [1mSELECT  "users".* FROM "users" WHERE "users"."id" = ? LIMIT 1[0m  [["id", 1]]
  Rendered users/show.html.erb within layouts/application (1.1ms)
Completed 200 OK in 165ms (Views: 48.3ms | ActiveRecord: 0.3ms)


Started GET "/" for ::1 at 2015-07-21 15:15:19 -0400
  [1m[36mActiveRecord::SchemaMigration Load (0.2ms)[0m  [1mSELECT "schema_migrations".* FROM "schema_migrations"[0m
Processing by UsersController#index as HTML
  [1m[35mUser Load (0.2ms)[0m  SELECT "users".* FROM "users"
  Rendered users/index.html.erb within layouts/application (12.7ms)
Completed 200 OK in 545ms (Views: 526.3ms | ActiveRecord: 0.6ms)


Started GET "/assets/user_sessions.self-e3b0c44298fc1c149afbf4c8996fb92427ae41e4649b934ca495991b7852b855.css?body=1" for ::1 at 2015-07-21 15:15:20 -0400


Started GET "/assets/user_sessions.self-877aef30ae1b040ab8a3aba4e3e309a11d7f2612f44dde450b5c157aa5f95c05.js?body=1" for ::1 at 2015-07-21 15:15:20 -0400


Started GET "/login" for ::1 at 2015-07-21 15:15:30 -0400
Processing by UserSessionsController#new as HTML
  Rendered user_sessions/_form.html.erb (1.9ms)
  Rendered user_sessions/new.html.erb within layouts/application (32.2ms)
Completed 200 OK in 116ms (Views: 113.9ms | ActiveRecord: 0.0ms)


Started POST "/user_sessions" for ::1 at 2015-07-21 15:15:43 -0400
Processing by UserSessionsController#create as HTML
  Parameters: {"utf8"=>"✓", "authenticity_token"=>"63Zwf2q5GWrBh1BDf64Y3aCMnAyIRBmbBt7vR4ybbrFeFheeZmkRd27iFUyi2lzR9toz5/pW/UhhCYai+fPKvQ==", "email"=>"john@doe.com", "password"=>"[FILTERED]", "commit"=>"Login"}
  [1m[36mUser Load (0.3ms)[0m  [1mSELECT  "users".* FROM "users" WHERE "users"."email" = 'john@doe.com'  ORDER BY "users"."id" ASC LIMIT 1[0m
Redirected to http://localhost:3000/users
Completed 302 Found in 157ms (ActiveRecord: 0.3ms)


Started GET "/users" for ::1 at 2015-07-21 15:15:43 -0400
Processing by UsersController#index as HTML
  [1m[35mUser Load (0.2ms)[0m  SELECT "users".* FROM "users"
  Rendered users/index.html.erb within layouts/application (2.4ms)
  [1m[36mUser Load (0.3ms)[0m  [1mSELECT  "users".* FROM "users" WHERE "users"."id" = ? LIMIT 1[0m  [["id", 1]]
Completed 200 OK in 80ms (Views: 78.1ms | ActiveRecord: 0.5ms)


Started POST "/logout" for ::1 at 2015-07-21 15:15:48 -0400
Processing by UserSessionsController#destroy as HTML
  Parameters: {"authenticity_token"=>"pHzlGW0TpN6WRityLrx32kQgtBEEDLjIytLPMDtyl1IRHIL4YcOswzkjbn3zyDPWEnYb+nYeXButBabVThozXg=="}
  [1m[35mUser Load (0.2ms)[0m  SELECT  "users".* FROM "users" WHERE "users"."id" = ? LIMIT 1  [["id", 1]]
Redirected to http://localhost:3000/users
Completed 302 Found in 2ms (ActiveRecord: 0.2ms)


Started GET "/users" for ::1 at 2015-07-21 15:15:48 -0400
Processing by UsersController#index as HTML
  [1m[36mUser Load (0.2ms)[0m  [1mSELECT "users".* FROM "users"[0m
  Rendered users/index.html.erb within layouts/application (1.5ms)
Completed 200 OK in 57ms (Views: 54.1ms | ActiveRecord: 0.2ms)


Started GET "/" for ::1 at 2015-07-21 16:40:16 -0400
  [1m[36mActiveRecord::SchemaMigration Load (1.2ms)[0m  [1mSELECT "schema_migrations".* FROM "schema_migrations"[0m

ActiveRecord::PendingMigrationError (

Migrations are pending. To resolve this issue, run:

	bin/rake db:migrate RAILS_ENV=development

):
  activerecord (4.2.2) lib/active_record/migration.rb:393:in `check_pending!'
  activerecord (4.2.2) lib/active_record/migration.rb:374:in `call'
  actionpack (4.2.2) lib/action_dispatch/middleware/callbacks.rb:29:in `block in call'
  activesupport (4.2.2) lib/active_support/callbacks.rb:88:in `call'
  activesupport (4.2.2) lib/active_support/callbacks.rb:88:in `_run_callbacks'
  activesupport (4.2.2) lib/active_support/callbacks.rb:776:in `_run_call_callbacks'
  activesupport (4.2.2) lib/active_support/callbacks.rb:81:in `run_callbacks'
  actionpack (4.2.2) lib/action_dispatch/middleware/callbacks.rb:27:in `call'
  actionpack (4.2.2) lib/action_dispatch/middleware/reloader.rb:73:in `call'
  actionpack (4.2.2) lib/action_dispatch/middleware/remote_ip.rb:78:in `call'
  actionpack (4.2.2) lib/action_dispatch/middleware/debug_exceptions.rb:17:in `call'
  web-console (2.2.1) lib/web_console/middleware.rb:39:in `call'
  actionpack (4.2.2) lib/action_dispatch/middleware/show_exceptions.rb:30:in `call'
  railties (4.2.2) lib/rails/rack/logger.rb:38:in `call_app'
  railties (4.2.2) lib/rails/rack/logger.rb:20:in `block in call'
  activesupport (4.2.2) lib/active_support/tagged_logging.rb:68:in `block in tagged'
  activesupport (4.2.2) lib/active_support/tagged_logging.rb:26:in `tagged'
  activesupport (4.2.2) lib/active_support/tagged_logging.rb:68:in `tagged'
  railties (4.2.2) lib/rails/rack/logger.rb:20:in `call'
  actionpack (4.2.2) lib/action_dispatch/middleware/request_id.rb:21:in `call'
  rack (1.6.4) lib/rack/methodoverride.rb:22:in `call'
  rack (1.6.4) lib/rack/runtime.rb:18:in `call'
  activesupport (4.2.2) lib/active_support/cache/strategy/local_cache_middleware.rb:28:in `call'
  rack (1.6.4) lib/rack/lock.rb:17:in `call'
  actionpack (4.2.2) lib/action_dispatch/middleware/static.rb:113:in `call'
  rack (1.6.4) lib/rack/sendfile.rb:113:in `call'
  railties (4.2.2) lib/rails/engine.rb:518:in `call'
  railties (4.2.2) lib/rails/application.rb:164:in `call'
  rack (1.6.4) lib/rack/lock.rb:17:in `call'
  rack (1.6.4) lib/rack/content_length.rb:15:in `call'
  rack (1.6.4) lib/rack/handler/webrick.rb:88:in `service'
  /Users/bryan/.rbenv/versions/2.2.2/lib/ruby/2.2.0/webrick/httpserver.rb:138:in `service'
  /Users/bryan/.rbenv/versions/2.2.2/lib/ruby/2.2.0/webrick/httpserver.rb:94:in `run'
  /Users/bryan/.rbenv/versions/2.2.2/lib/ruby/2.2.0/webrick/server.rb:294:in `block in start_thread'


  Rendered /Users/bryan/.rbenv/versions/2.2.2/lib/ruby/gems/2.2.0/gems/actionpack-4.2.2/lib/action_dispatch/middleware/templates/rescues/_source.erb (4.5ms)
  Rendered /Users/bryan/.rbenv/versions/2.2.2/lib/ruby/gems/2.2.0/gems/actionpack-4.2.2/lib/action_dispatch/middleware/templates/rescues/_trace.html.erb (2.1ms)
  Rendered /Users/bryan/.rbenv/versions/2.2.2/lib/ruby/gems/2.2.0/gems/actionpack-4.2.2/lib/action_dispatch/middleware/templates/rescues/_request_and_response.html.erb (0.9ms)
  Rendered /Users/bryan/.rbenv/versions/2.2.2/lib/ruby/gems/2.2.0/gems/actionpack-4.2.2/lib/action_dispatch/middleware/templates/rescues/diagnostics.html.erb within rescues/layout (66.9ms)
  Rendered /Users/bryan/.rbenv/versions/2.2.2/lib/ruby/gems/2.2.0/gems/web-console-2.2.1/lib/web_console/templates/_markup.html.erb (1.0ms)
  Rendered /Users/bryan/.rbenv/versions/2.2.2/lib/ruby/gems/2.2.0/gems/web-console-2.2.1/lib/web_console/templates/_inner_console_markup.html.erb within layouts/inlined_string (0.3ms)
  Rendered /Users/bryan/.rbenv/versions/2.2.2/lib/ruby/gems/2.2.0/gems/web-console-2.2.1/lib/web_console/templates/_prompt_box_markup.html.erb within layouts/inlined_string (0.3ms)
  Rendered /Users/bryan/.rbenv/versions/2.2.2/lib/ruby/gems/2.2.0/gems/web-console-2.2.1/lib/web_console/templates/style.css.erb within layouts/inlined_string (0.7ms)
  Rendered /Users/bryan/.rbenv/versions/2.2.2/lib/ruby/gems/2.2.0/gems/web-console-2.2.1/lib/web_console/templates/console.js.erb within layouts/javascript (65.7ms)
  Rendered /Users/bryan/.rbenv/versions/2.2.2/lib/ruby/gems/2.2.0/gems/web-console-2.2.1/lib/web_console/templates/main.js.erb within layouts/javascript (0.8ms)
  Rendered /Users/bryan/.rbenv/versions/2.2.2/lib/ruby/gems/2.2.0/gems/web-console-2.2.1/lib/web_console/templates/error_page.js.erb within layouts/javascript (0.6ms)
  Rendered /Users/bryan/.rbenv/versions/2.2.2/lib/ruby/gems/2.2.0/gems/web-console-2.2.1/lib/web_console/templates/index.html.erb (149.8ms)
  [1m[36mActiveRecord::SchemaMigration Load (0.1ms)[0m  [1mSELECT "schema_migrations".* FROM "schema_migrations"[0m
Migrating to CreateRewards (20150721194723)
  [1m[35m (0.2ms)[0m  begin transaction
  [1m[36m (0.5ms)[0m  [1mCREATE TABLE "rewards" ("id" INTEGER PRIMARY KEY AUTOINCREMENT NOT NULL, "name" varchar, "description" varchar, "amount" integer, "backer_limit" integer, "created_at" datetime NOT NULL, "updated_at" datetime NOT NULL) [0m
  [1m[35mSQL (0.3ms)[0m  INSERT INTO "schema_migrations" ("version") VALUES (?)  [["version", "20150721194723"]]
  [1m[36m (2.3ms)[0m  [1mcommit transaction[0m
Migrating to CreatePledges (20150721195403)
  [1m[35m (0.1ms)[0m  begin transaction
  [1m[36m (0.3ms)[0m  [1mCREATE TABLE "pledges" ("id" INTEGER PRIMARY KEY AUTOINCREMENT NOT NULL, "amount" integer, "reward_id" integer, "user_id" integer, "project_id" integer, "created_at" datetime NOT NULL, "updated_at" datetime NOT NULL) [0m
  [1m[35m (0.0ms)[0m  select sqlite_version(*)
  [1m[36m (0.1ms)[0m  [1mCREATE  INDEX "index_pledges_on_reward_id" ON "pledges" ("reward_id")[0m
  [1m[35m (0.1ms)[0m              SELECT sql
            FROM sqlite_master
            WHERE name='index_pledges_on_reward_id' AND type='index'
            UNION ALL
            SELECT sql
            FROM sqlite_temp_master
            WHERE name='index_pledges_on_reward_id' AND type='index'

  [1m[36m (0.1ms)[0m  [1mCREATE  INDEX "index_pledges_on_user_id" ON "pledges" ("user_id")[0m
  [1m[35m (0.0ms)[0m              SELECT sql
            FROM sqlite_master
            WHERE name='index_pledges_on_user_id' AND type='index'
            UNION ALL
            SELECT sql
            FROM sqlite_temp_master
            WHERE name='index_pledges_on_user_id' AND type='index'

  [1m[36m (0.0ms)[0m  [1m            SELECT sql
            FROM sqlite_master
            WHERE name='index_pledges_on_reward_id' AND type='index'
            UNION ALL
            SELECT sql
            FROM sqlite_temp_master
            WHERE name='index_pledges_on_reward_id' AND type='index'
[0m
  [1m[35m (0.1ms)[0m  CREATE  INDEX "index_pledges_on_project_id" ON "pledges" ("project_id")
  [1m[36mSQL (0.1ms)[0m  [1mINSERT INTO "schema_migrations" ("version") VALUES (?)[0m  [["version", "20150721195403"]]
  [1m[35m (1.7ms)[0m  commit transaction
Migrating to AddProjectToRewards (20150721201219)
  [1m[36m (0.1ms)[0m  [1mbegin transaction[0m
  [1m[35m (0.4ms)[0m  ALTER TABLE "rewards" ADD "project_id" integer
  [1m[36m (0.1ms)[0m  [1mCREATE  INDEX "index_rewards_on_project_id" ON "rewards" ("project_id")[0m
  [1m[35mSQL (0.2ms)[0m  INSERT INTO "schema_migrations" ("version") VALUES (?)  [["version", "20150721201219"]]
  [1m[36m (1.5ms)[0m  [1mcommit transaction[0m
  [1m[35mActiveRecord::SchemaMigration Load (0.1ms)[0m  SELECT "schema_migrations".* FROM "schema_migrations"
  [1m[36m (0.1ms)[0m  [1m            SELECT sql
            FROM sqlite_master
            WHERE name='index_pledges_on_project_id' AND type='index'
            UNION ALL
            SELECT sql
            FROM sqlite_temp_master
            WHERE name='index_pledges_on_project_id' AND type='index'
[0m
  [1m[35m (0.1ms)[0m              SELECT sql
            FROM sqlite_master
            WHERE name='index_pledges_on_user_id' AND type='index'
            UNION ALL
            SELECT sql
            FROM sqlite_temp_master
            WHERE name='index_pledges_on_user_id' AND type='index'

  [1m[36m (0.1ms)[0m  [1m            SELECT sql
            FROM sqlite_master
            WHERE name='index_pledges_on_reward_id' AND type='index'
            UNION ALL
            SELECT sql
            FROM sqlite_temp_master
            WHERE name='index_pledges_on_reward_id' AND type='index'
[0m
  [1m[35m (0.1ms)[0m              SELECT sql
            FROM sqlite_master
            WHERE name='index_projects_on_owner_id' AND type='index'
            UNION ALL
            SELECT sql
            FROM sqlite_temp_master
            WHERE name='index_projects_on_owner_id' AND type='index'

  [1m[36m (0.1ms)[0m  [1m            SELECT sql
            FROM sqlite_master
            WHERE name='index_rewards_on_project_id' AND type='index'
            UNION ALL
            SELECT sql
            FROM sqlite_temp_master
            WHERE name='index_rewards_on_project_id' AND type='index'
[0m
  [1m[35m (0.1ms)[0m              SELECT sql
            FROM sqlite_master
            WHERE name='index_users_on_email' AND type='index'
            UNION ALL
            SELECT sql
            FROM sqlite_temp_master
            WHERE name='index_users_on_email' AND type='index'



Started GET "/" for ::1 at 2015-07-21 16:40:37 -0400
  [1m[36mActiveRecord::SchemaMigration Load (0.2ms)[0m  [1mSELECT "schema_migrations".* FROM "schema_migrations"[0m
Processing by UsersController#index as HTML
  [1m[35mUser Load (0.2ms)[0m  SELECT "users".* FROM "users"
  Rendered users/index.html.erb within layouts/application (9.4ms)
Completed 200 OK in 660ms (Views: 646.2ms | ActiveRecord: 0.5ms)


Started GET "/assets/scaffolds.self-54450b195bf152661aa66b0c6b1fc7cc1d13119cef630a2098bbf2944b80ed67.css?body=1" for ::1 at 2015-07-21 16:40:38 -0400


Started GET "/assets/application.self-e80e8f2318043e8af94dddc2adad5a4f09739a8ebb323b3ab31cd71d45fd9113.css?body=1" for ::1 at 2015-07-21 16:40:38 -0400


Started GET "/assets/user_sessions.self-e3b0c44298fc1c149afbf4c8996fb92427ae41e4649b934ca495991b7852b855.css?body=1" for ::1 at 2015-07-21 16:40:38 -0400


Started GET "/assets/projects.self-e3b0c44298fc1c149afbf4c8996fb92427ae41e4649b934ca495991b7852b855.css?body=1" for ::1 at 2015-07-21 16:40:38 -0400


Started GET "/assets/users.self-e3b0c44298fc1c149afbf4c8996fb92427ae41e4649b934ca495991b7852b855.css?body=1" for ::1 at 2015-07-21 16:40:38 -0400


Started GET "/assets/jquery.self-d03a5518f45df77341bdbe6201ba3bfa547ebba8ed64f0ea56bfa5f96ea7c074.js?body=1" for ::1 at 2015-07-21 16:40:38 -0400


Started GET "/assets/jquery_ujs.self-ca5248a2fad13d6bd58ea121318d642f195f0b2dd818b30615f785ff365e8d1f.js?body=1" for ::1 at 2015-07-21 16:40:38 -0400


Started GET "/assets/turbolinks.self-c37727e9bd6b2735da5c311aa83fead54ed0be6cc8bd9a65309e9c5abe2cbfff.js?body=1" for ::1 at 2015-07-21 16:40:38 -0400


Started GET "/assets/projects.self-877aef30ae1b040ab8a3aba4e3e309a11d7f2612f44dde450b5c157aa5f95c05.js?body=1" for ::1 at 2015-07-21 16:40:38 -0400


Started GET "/assets/users.self-877aef30ae1b040ab8a3aba4e3e309a11d7f2612f44dde450b5c157aa5f95c05.js?body=1" for ::1 at 2015-07-21 16:40:38 -0400


Started GET "/assets/user_sessions.self-877aef30ae1b040ab8a3aba4e3e309a11d7f2612f44dde450b5c157aa5f95c05.js?body=1" for ::1 at 2015-07-21 16:40:38 -0400


Started GET "/assets/application.self-3b8dabdc891efe46b9a144b400ad69e37d7e5876bdc39dee783419a69d7ca819.js?body=1" for ::1 at 2015-07-21 16:40:38 -0400


Started GET "/projects" for ::1 at 2015-07-21 16:40:47 -0400
Processing by ProjectsController#index as HTML
  [1m[36mProject Load (1.3ms)[0m  [1mSELECT "projects".* FROM "projects"[0m
  Rendered collection (0.0ms)
  Rendered projects/index.html.erb within layouts/application (6.5ms)
Completed 200 OK in 51ms (Views: 45.6ms | ActiveRecord: 1.4ms)


Started GET "/projects" for ::1 at 2015-07-21 16:42:02 -0400
Processing by ProjectsController#index as HTML
  [1m[35mProject Load (0.2ms)[0m  SELECT "projects".* FROM "projects"
  Rendered collection (0.0ms)
  Rendered projects/index.html.erb within layouts/application (1.6ms)
Completed 200 OK in 40ms (Views: 38.9ms | ActiveRecord: 0.2ms)


Started GET "/assets/projects.self-e3b0c44298fc1c149afbf4c8996fb92427ae41e4649b934ca495991b7852b855.css?body=1" for ::1 at 2015-07-21 16:42:03 -0400


Started GET "/assets/jquery.self-d03a5518f45df77341bdbe6201ba3bfa547ebba8ed64f0ea56bfa5f96ea7c074.js?body=1" for ::1 at 2015-07-21 16:42:03 -0400


Started GET "/assets/user_sessions.self-e3b0c44298fc1c149afbf4c8996fb92427ae41e4649b934ca495991b7852b855.css?body=1" for ::1 at 2015-07-21 16:42:03 -0400


Started GET "/assets/jquery_ujs.self-ca5248a2fad13d6bd58ea121318d642f195f0b2dd818b30615f785ff365e8d1f.js?body=1" for ::1 at 2015-07-21 16:42:03 -0400


Started GET "/assets/application.self-e80e8f2318043e8af94dddc2adad5a4f09739a8ebb323b3ab31cd71d45fd9113.css?body=1" for ::1 at 2015-07-21 16:42:03 -0400


Started GET "/assets/scaffolds.self-54450b195bf152661aa66b0c6b1fc7cc1d13119cef630a2098bbf2944b80ed67.css?body=1" for ::1 at 2015-07-21 16:42:03 -0400


Started GET "/assets/users.self-e3b0c44298fc1c149afbf4c8996fb92427ae41e4649b934ca495991b7852b855.css?body=1" for ::1 at 2015-07-21 16:42:03 -0400


Started GET "/assets/turbolinks.self-c37727e9bd6b2735da5c311aa83fead54ed0be6cc8bd9a65309e9c5abe2cbfff.js?body=1" for ::1 at 2015-07-21 16:42:03 -0400


Started GET "/assets/projects.self-877aef30ae1b040ab8a3aba4e3e309a11d7f2612f44dde450b5c157aa5f95c05.js?body=1" for ::1 at 2015-07-21 16:42:03 -0400


Started GET "/assets/users.self-877aef30ae1b040ab8a3aba4e3e309a11d7f2612f44dde450b5c157aa5f95c05.js?body=1" for ::1 at 2015-07-21 16:42:03 -0400


Started GET "/assets/user_sessions.self-877aef30ae1b040ab8a3aba4e3e309a11d7f2612f44dde450b5c157aa5f95c05.js?body=1" for ::1 at 2015-07-21 16:42:03 -0400


Started GET "/assets/application.self-3b8dabdc891efe46b9a144b400ad69e37d7e5876bdc39dee783419a69d7ca819.js?body=1" for ::1 at 2015-07-21 16:42:03 -0400


Started GET "/projects" for ::1 at 2015-07-21 16:42:15 -0400
Processing by ProjectsController#index as HTML
  [1m[36mProject Load (0.1ms)[0m  [1mSELECT "projects".* FROM "projects"[0m
  Rendered collection (0.0ms)
  Rendered projects/index.html.erb within layouts/application (1.1ms)
Completed 200 OK in 48ms (Views: 47.5ms | ActiveRecord: 0.1ms)


Started GET "/assets/users.self-e3b0c44298fc1c149afbf4c8996fb92427ae41e4649b934ca495991b7852b855.css?body=1" for ::1 at 2015-07-21 16:42:15 -0400


Started GET "/assets/user_sessions.self-e3b0c44298fc1c149afbf4c8996fb92427ae41e4649b934ca495991b7852b855.css?body=1" for ::1 at 2015-07-21 16:42:15 -0400


Started GET "/assets/projects.self-e3b0c44298fc1c149afbf4c8996fb92427ae41e4649b934ca495991b7852b855.css?body=1" for ::1 at 2015-07-21 16:42:15 -0400


Started GET "/assets/application.self-e80e8f2318043e8af94dddc2adad5a4f09739a8ebb323b3ab31cd71d45fd9113.css?body=1" for ::1 at 2015-07-21 16:42:15 -0400


Started GET "/assets/jquery_ujs.self-ca5248a2fad13d6bd58ea121318d642f195f0b2dd818b30615f785ff365e8d1f.js?body=1" for ::1 at 2015-07-21 16:42:15 -0400


Started GET "/assets/scaffolds.self-54450b195bf152661aa66b0c6b1fc7cc1d13119cef630a2098bbf2944b80ed67.css?body=1" for ::1 at 2015-07-21 16:42:15 -0400


Started GET "/assets/jquery.self-d03a5518f45df77341bdbe6201ba3bfa547ebba8ed64f0ea56bfa5f96ea7c074.js?body=1" for ::1 at 2015-07-21 16:42:15 -0400


Started GET "/assets/turbolinks.self-c37727e9bd6b2735da5c311aa83fead54ed0be6cc8bd9a65309e9c5abe2cbfff.js?body=1" for ::1 at 2015-07-21 16:42:15 -0400


Started GET "/assets/projects.self-877aef30ae1b040ab8a3aba4e3e309a11d7f2612f44dde450b5c157aa5f95c05.js?body=1" for ::1 at 2015-07-21 16:42:15 -0400


Started GET "/assets/user_sessions.self-877aef30ae1b040ab8a3aba4e3e309a11d7f2612f44dde450b5c157aa5f95c05.js?body=1" for ::1 at 2015-07-21 16:42:15 -0400


Started GET "/assets/users.self-877aef30ae1b040ab8a3aba4e3e309a11d7f2612f44dde450b5c157aa5f95c05.js?body=1" for ::1 at 2015-07-21 16:42:15 -0400


Started GET "/assets/application.self-3b8dabdc891efe46b9a144b400ad69e37d7e5876bdc39dee783419a69d7ca819.js?body=1" for ::1 at 2015-07-21 16:42:15 -0400


Started GET "/projects/new" for ::1 at 2015-07-21 16:42:31 -0400
Processing by ProjectsController#new as HTML
Completed 500 Internal Server Error in 13ms (ActiveRecord: 0.1ms)

ActionView::MissingTemplate (Missing template projects/new, application/new with {:locale=>[:en], :formats=>[:html, :xml], :variants=>[], :handlers=>[:erb, :builder, :raw, :ruby, :coffee, :jbuilder]}. Searched in:
  * "/Users/bryan/code/crowdfunder/app/views"
):
  actionview (4.2.2) lib/action_view/path_set.rb:46:in `find'
  actionview (4.2.2) lib/action_view/lookup_context.rb:121:in `find'
  actionview (4.2.2) lib/action_view/renderer/abstract_renderer.rb:18:in `find_template'
  actionview (4.2.2) lib/action_view/renderer/template_renderer.rb:40:in `determine_template'
  actionview (4.2.2) lib/action_view/renderer/template_renderer.rb:8:in `render'
  actionview (4.2.2) lib/action_view/renderer/renderer.rb:42:in `render_template'
  actionview (4.2.2) lib/action_view/renderer/renderer.rb:23:in `render'
  actionview (4.2.2) lib/action_view/rendering.rb:100:in `_render_template'
  actionpack (4.2.2) lib/action_controller/metal/streaming.rb:217:in `_render_template'
  actionview (4.2.2) lib/action_view/rendering.rb:83:in `render_to_body'
  actionpack (4.2.2) lib/action_controller/metal/rendering.rb:32:in `render_to_body'
  actionpack (4.2.2) lib/action_controller/metal/renderers.rb:37:in `render_to_body'
  actionpack (4.2.2) lib/abstract_controller/rendering.rb:25:in `render'
  actionpack (4.2.2) lib/action_controller/metal/rendering.rb:16:in `render'
  actionpack (4.2.2) lib/action_controller/metal/instrumentation.rb:44:in `block (2 levels) in render'
  activesupport (4.2.2) lib/active_support/core_ext/benchmark.rb:12:in `block in ms'
  /Users/bryan/.rbenv/versions/2.2.2/lib/ruby/2.2.0/benchmark.rb:303:in `realtime'
  activesupport (4.2.2) lib/active_support/core_ext/benchmark.rb:12:in `ms'
  actionpack (4.2.2) lib/action_controller/metal/instrumentation.rb:44:in `block in render'
  actionpack (4.2.2) lib/action_controller/metal/instrumentation.rb:87:in `cleanup_view_runtime'
  activerecord (4.2.2) lib/active_record/railties/controller_runtime.rb:25:in `cleanup_view_runtime'
  actionpack (4.2.2) lib/action_controller/metal/instrumentation.rb:43:in `render'
  actionpack (4.2.2) lib/action_controller/metal/implicit_render.rb:10:in `default_render'
  actionpack (4.2.2) lib/action_controller/metal/implicit_render.rb:5:in `send_action'
  actionpack (4.2.2) lib/abstract_controller/base.rb:198:in `process_action'
  actionpack (4.2.2) lib/action_controller/metal/rendering.rb:10:in `process_action'
  actionpack (4.2.2) lib/abstract_controller/callbacks.rb:20:in `block in process_action'
  activesupport (4.2.2) lib/active_support/callbacks.rb:117:in `call'
  activesupport (4.2.2) lib/active_support/callbacks.rb:117:in `call'
  activesupport (4.2.2) lib/active_support/callbacks.rb:555:in `block (2 levels) in compile'
  activesupport (4.2.2) lib/active_support/callbacks.rb:505:in `call'
  activesupport (4.2.2) lib/active_support/callbacks.rb:505:in `call'
  activesupport (4.2.2) lib/active_support/callbacks.rb:92:in `_run_callbacks'
  activesupport (4.2.2) lib/active_support/callbacks.rb:776:in `_run_process_action_callbacks'
  activesupport (4.2.2) lib/active_support/callbacks.rb:81:in `run_callbacks'
  actionpack (4.2.2) lib/abstract_controller/callbacks.rb:19:in `process_action'
  actionpack (4.2.2) lib/action_controller/metal/rescue.rb:29:in `process_action'
  actionpack (4.2.2) lib/action_controller/metal/instrumentation.rb:32:in `block in process_action'
  activesupport (4.2.2) lib/active_support/notifications.rb:164:in `block in instrument'
  activesupport (4.2.2) lib/active_support/notifications/instrumenter.rb:20:in `instrument'
  activesupport (4.2.2) lib/active_support/notifications.rb:164:in `instrument'
  actionpack (4.2.2) lib/action_controller/metal/instrumentation.rb:30:in `process_action'
  actionpack (4.2.2) lib/action_controller/metal/params_wrapper.rb:250:in `process_action'
  activerecord (4.2.2) lib/active_record/railties/controller_runtime.rb:18:in `process_action'
  actionpack (4.2.2) lib/abstract_controller/base.rb:137:in `process'
  actionview (4.2.2) lib/action_view/rendering.rb:30:in `process'
  actionpack (4.2.2) lib/action_controller/metal.rb:196:in `dispatch'
  actionpack (4.2.2) lib/action_controller/metal/rack_delegation.rb:13:in `dispatch'
  actionpack (4.2.2) lib/action_controller/metal.rb:237:in `block in action'
  actionpack (4.2.2) lib/action_dispatch/routing/route_set.rb:74:in `call'
  actionpack (4.2.2) lib/action_dispatch/routing/route_set.rb:74:in `dispatch'
  actionpack (4.2.2) lib/action_dispatch/routing/route_set.rb:43:in `serve'
  actionpack (4.2.2) lib/action_dispatch/journey/router.rb:43:in `block in serve'
  actionpack (4.2.2) lib/action_dispatch/journey/router.rb:30:in `each'
  actionpack (4.2.2) lib/action_dispatch/journey/router.rb:30:in `serve'
  actionpack (4.2.2) lib/action_dispatch/routing/route_set.rb:819:in `call'
  rack (1.6.4) lib/rack/etag.rb:24:in `call'
  rack (1.6.4) lib/rack/conditionalget.rb:25:in `call'
  rack (1.6.4) lib/rack/head.rb:13:in `call'
  actionpack (4.2.2) lib/action_dispatch/middleware/params_parser.rb:27:in `call'
  actionpack (4.2.2) lib/action_dispatch/middleware/flash.rb:260:in `call'
  rack (1.6.4) lib/rack/session/abstract/id.rb:225:in `context'
  rack (1.6.4) lib/rack/session/abstract/id.rb:220:in `call'
  actionpack (4.2.2) lib/action_dispatch/middleware/cookies.rb:560:in `call'
  activerecord (4.2.2) lib/active_record/query_cache.rb:36:in `call'
  activerecord (4.2.2) lib/active_record/connection_adapters/abstract/connection_pool.rb:649:in `call'
  activerecord (4.2.2) lib/active_record/migration.rb:378:in `call'
  actionpack (4.2.2) lib/action_dispatch/middleware/callbacks.rb:29:in `block in call'
  activesupport (4.2.2) lib/active_support/callbacks.rb:88:in `call'
  activesupport (4.2.2) lib/active_support/callbacks.rb:88:in `_run_callbacks'
  activesupport (4.2.2) lib/active_support/callbacks.rb:776:in `_run_call_callbacks'
  activesupport (4.2.2) lib/active_support/callbacks.rb:81:in `run_callbacks'
  actionpack (4.2.2) lib/action_dispatch/middleware/callbacks.rb:27:in `call'
  actionpack (4.2.2) lib/action_dispatch/middleware/reloader.rb:73:in `call'
  actionpack (4.2.2) lib/action_dispatch/middleware/remote_ip.rb:78:in `call'
  actionpack (4.2.2) lib/action_dispatch/middleware/debug_exceptions.rb:17:in `call'
  web-console (2.2.1) lib/web_console/middleware.rb:39:in `call'
  actionpack (4.2.2) lib/action_dispatch/middleware/show_exceptions.rb:30:in `call'
  railties (4.2.2) lib/rails/rack/logger.rb:38:in `call_app'
  railties (4.2.2) lib/rails/rack/logger.rb:20:in `block in call'
  activesupport (4.2.2) lib/active_support/tagged_logging.rb:68:in `block in tagged'
  activesupport (4.2.2) lib/active_support/tagged_logging.rb:26:in `tagged'
  activesupport (4.2.2) lib/active_support/tagged_logging.rb:68:in `tagged'
  railties (4.2.2) lib/rails/rack/logger.rb:20:in `call'
  actionpack (4.2.2) lib/action_dispatch/middleware/request_id.rb:21:in `call'
  rack (1.6.4) lib/rack/methodoverride.rb:22:in `call'
  rack (1.6.4) lib/rack/runtime.rb:18:in `call'
  activesupport (4.2.2) lib/active_support/cache/strategy/local_cache_middleware.rb:28:in `call'
  rack (1.6.4) lib/rack/lock.rb:17:in `call'
  actionpack (4.2.2) lib/action_dispatch/middleware/static.rb:113:in `call'
  rack (1.6.4) lib/rack/sendfile.rb:113:in `call'
  railties (4.2.2) lib/rails/engine.rb:518:in `call'
  railties (4.2.2) lib/rails/application.rb:164:in `call'
  rack (1.6.4) lib/rack/lock.rb:17:in `call'
  rack (1.6.4) lib/rack/content_length.rb:15:in `call'
  rack (1.6.4) lib/rack/handler/webrick.rb:88:in `service'
  /Users/bryan/.rbenv/versions/2.2.2/lib/ruby/2.2.0/webrick/httpserver.rb:138:in `service'
  /Users/bryan/.rbenv/versions/2.2.2/lib/ruby/2.2.0/webrick/httpserver.rb:94:in `run'
  /Users/bryan/.rbenv/versions/2.2.2/lib/ruby/2.2.0/webrick/server.rb:294:in `block in start_thread'


  Rendered /Users/bryan/.rbenv/versions/2.2.2/lib/ruby/gems/2.2.0/gems/actionpack-4.2.2/lib/action_dispatch/middleware/templates/rescues/_source.erb (5.3ms)
  Rendered /Users/bryan/.rbenv/versions/2.2.2/lib/ruby/gems/2.2.0/gems/actionpack-4.2.2/lib/action_dispatch/middleware/templates/rescues/_trace.html.erb (3.1ms)
  Rendered /Users/bryan/.rbenv/versions/2.2.2/lib/ruby/gems/2.2.0/gems/actionpack-4.2.2/lib/action_dispatch/middleware/templates/rescues/_request_and_response.html.erb (1.5ms)
  Rendered /Users/bryan/.rbenv/versions/2.2.2/lib/ruby/gems/2.2.0/gems/actionpack-4.2.2/lib/action_dispatch/middleware/templates/rescues/missing_template.html.erb within rescues/layout (63.5ms)
  Rendered /Users/bryan/.rbenv/versions/2.2.2/lib/ruby/gems/2.2.0/gems/web-console-2.2.1/lib/web_console/templates/_markup.html.erb (0.4ms)
  Rendered /Users/bryan/.rbenv/versions/2.2.2/lib/ruby/gems/2.2.0/gems/web-console-2.2.1/lib/web_console/templates/_inner_console_markup.html.erb within layouts/inlined_string (0.5ms)
  Rendered /Users/bryan/.rbenv/versions/2.2.2/lib/ruby/gems/2.2.0/gems/web-console-2.2.1/lib/web_console/templates/_prompt_box_markup.html.erb within layouts/inlined_string (0.4ms)
  Rendered /Users/bryan/.rbenv/versions/2.2.2/lib/ruby/gems/2.2.0/gems/web-console-2.2.1/lib/web_console/templates/style.css.erb within layouts/inlined_string (0.4ms)
  Rendered /Users/bryan/.rbenv/versions/2.2.2/lib/ruby/gems/2.2.0/gems/web-console-2.2.1/lib/web_console/templates/console.js.erb within layouts/javascript (62.0ms)
  Rendered /Users/bryan/.rbenv/versions/2.2.2/lib/ruby/gems/2.2.0/gems/web-console-2.2.1/lib/web_console/templates/main.js.erb within layouts/javascript (0.3ms)
  Rendered /Users/bryan/.rbenv/versions/2.2.2/lib/ruby/gems/2.2.0/gems/web-console-2.2.1/lib/web_console/templates/error_page.js.erb within layouts/javascript (0.4ms)
  Rendered /Users/bryan/.rbenv/versions/2.2.2/lib/ruby/gems/2.2.0/gems/web-console-2.2.1/lib/web_console/templates/index.html.erb (130.0ms)


Started GET "/projects/new" for ::1 at 2015-07-21 16:42:31 -0400
Processing by ProjectsController#new as HTML
Completed 500 Internal Server Error in 4ms (ActiveRecord: 0.0ms)

ActionView::MissingTemplate (Missing template projects/new, application/new with {:locale=>[:en], :formats=>[:html], :variants=>[], :handlers=>[:erb, :builder, :raw, :ruby, :coffee, :jbuilder]}. Searched in:
  * "/Users/bryan/code/crowdfunder/app/views"
):
  actionview (4.2.2) lib/action_view/path_set.rb:46:in `find'
  actionview (4.2.2) lib/action_view/lookup_context.rb:121:in `find'
  actionview (4.2.2) lib/action_view/renderer/abstract_renderer.rb:18:in `find_template'
  actionview (4.2.2) lib/action_view/renderer/template_renderer.rb:40:in `determine_template'
  actionview (4.2.2) lib/action_view/renderer/template_renderer.rb:8:in `render'
  actionview (4.2.2) lib/action_view/renderer/renderer.rb:42:in `render_template'
  actionview (4.2.2) lib/action_view/renderer/renderer.rb:23:in `render'
  actionview (4.2.2) lib/action_view/rendering.rb:100:in `_render_template'
  actionpack (4.2.2) lib/action_controller/metal/streaming.rb:217:in `_render_template'
  actionview (4.2.2) lib/action_view/rendering.rb:83:in `render_to_body'
  actionpack (4.2.2) lib/action_controller/metal/rendering.rb:32:in `render_to_body'
  actionpack (4.2.2) lib/action_controller/metal/renderers.rb:37:in `render_to_body'
  actionpack (4.2.2) lib/abstract_controller/rendering.rb:25:in `render'
  actionpack (4.2.2) lib/action_controller/metal/rendering.rb:16:in `render'
  actionpack (4.2.2) lib/action_controller/metal/instrumentation.rb:44:in `block (2 levels) in render'
  activesupport (4.2.2) lib/active_support/core_ext/benchmark.rb:12:in `block in ms'
  /Users/bryan/.rbenv/versions/2.2.2/lib/ruby/2.2.0/benchmark.rb:303:in `realtime'
  activesupport (4.2.2) lib/active_support/core_ext/benchmark.rb:12:in `ms'
  actionpack (4.2.2) lib/action_controller/metal/instrumentation.rb:44:in `block in render'
  actionpack (4.2.2) lib/action_controller/metal/instrumentation.rb:87:in `cleanup_view_runtime'
  activerecord (4.2.2) lib/active_record/railties/controller_runtime.rb:25:in `cleanup_view_runtime'
  actionpack (4.2.2) lib/action_controller/metal/instrumentation.rb:43:in `render'
  actionpack (4.2.2) lib/action_controller/metal/implicit_render.rb:10:in `default_render'
  actionpack (4.2.2) lib/action_controller/metal/implicit_render.rb:5:in `send_action'
  actionpack (4.2.2) lib/abstract_controller/base.rb:198:in `process_action'
  actionpack (4.2.2) lib/action_controller/metal/rendering.rb:10:in `process_action'
  actionpack (4.2.2) lib/abstract_controller/callbacks.rb:20:in `block in process_action'
  activesupport (4.2.2) lib/active_support/callbacks.rb:117:in `call'
  activesupport (4.2.2) lib/active_support/callbacks.rb:117:in `call'
  activesupport (4.2.2) lib/active_support/callbacks.rb:555:in `block (2 levels) in compile'
  activesupport (4.2.2) lib/active_support/callbacks.rb:505:in `call'
  activesupport (4.2.2) lib/active_support/callbacks.rb:505:in `call'
  activesupport (4.2.2) lib/active_support/callbacks.rb:92:in `_run_callbacks'
  activesupport (4.2.2) lib/active_support/callbacks.rb:776:in `_run_process_action_callbacks'
  activesupport (4.2.2) lib/active_support/callbacks.rb:81:in `run_callbacks'
  actionpack (4.2.2) lib/abstract_controller/callbacks.rb:19:in `process_action'
  actionpack (4.2.2) lib/action_controller/metal/rescue.rb:29:in `process_action'
  actionpack (4.2.2) lib/action_controller/metal/instrumentation.rb:32:in `block in process_action'
  activesupport (4.2.2) lib/active_support/notifications.rb:164:in `block in instrument'
  activesupport (4.2.2) lib/active_support/notifications/instrumenter.rb:20:in `instrument'
  activesupport (4.2.2) lib/active_support/notifications.rb:164:in `instrument'
  actionpack (4.2.2) lib/action_controller/metal/instrumentation.rb:30:in `process_action'
  actionpack (4.2.2) lib/action_controller/metal/params_wrapper.rb:250:in `process_action'
  activerecord (4.2.2) lib/active_record/railties/controller_runtime.rb:18:in `process_action'
  actionpack (4.2.2) lib/abstract_controller/base.rb:137:in `process'
  actionview (4.2.2) lib/action_view/rendering.rb:30:in `process'
  actionpack (4.2.2) lib/action_controller/metal.rb:196:in `dispatch'
  actionpack (4.2.2) lib/action_controller/metal/rack_delegation.rb:13:in `dispatch'
  actionpack (4.2.2) lib/action_controller/metal.rb:237:in `block in action'
  actionpack (4.2.2) lib/action_dispatch/routing/route_set.rb:74:in `call'
  actionpack (4.2.2) lib/action_dispatch/routing/route_set.rb:74:in `dispatch'
  actionpack (4.2.2) lib/action_dispatch/routing/route_set.rb:43:in `serve'
  actionpack (4.2.2) lib/action_dispatch/journey/router.rb:43:in `block in serve'
  actionpack (4.2.2) lib/action_dispatch/journey/router.rb:30:in `each'
  actionpack (4.2.2) lib/action_dispatch/journey/router.rb:30:in `serve'
  actionpack (4.2.2) lib/action_dispatch/routing/route_set.rb:819:in `call'
  rack (1.6.4) lib/rack/etag.rb:24:in `call'
  rack (1.6.4) lib/rack/conditionalget.rb:25:in `call'
  rack (1.6.4) lib/rack/head.rb:13:in `call'
  actionpack (4.2.2) lib/action_dispatch/middleware/params_parser.rb:27:in `call'
  actionpack (4.2.2) lib/action_dispatch/middleware/flash.rb:260:in `call'
  rack (1.6.4) lib/rack/session/abstract/id.rb:225:in `context'
  rack (1.6.4) lib/rack/session/abstract/id.rb:220:in `call'
  actionpack (4.2.2) lib/action_dispatch/middleware/cookies.rb:560:in `call'
  activerecord (4.2.2) lib/active_record/query_cache.rb:36:in `call'
  activerecord (4.2.2) lib/active_record/connection_adapters/abstract/connection_pool.rb:649:in `call'
  activerecord (4.2.2) lib/active_record/migration.rb:378:in `call'
  actionpack (4.2.2) lib/action_dispatch/middleware/callbacks.rb:29:in `block in call'
  activesupport (4.2.2) lib/active_support/callbacks.rb:88:in `call'
  activesupport (4.2.2) lib/active_support/callbacks.rb:88:in `_run_callbacks'
  activesupport (4.2.2) lib/active_support/callbacks.rb:776:in `_run_call_callbacks'
  activesupport (4.2.2) lib/active_support/callbacks.rb:81:in `run_callbacks'
  actionpack (4.2.2) lib/action_dispatch/middleware/callbacks.rb:27:in `call'
  actionpack (4.2.2) lib/action_dispatch/middleware/reloader.rb:73:in `call'
  actionpack (4.2.2) lib/action_dispatch/middleware/remote_ip.rb:78:in `call'
  actionpack (4.2.2) lib/action_dispatch/middleware/debug_exceptions.rb:17:in `call'
  web-console (2.2.1) lib/web_console/middleware.rb:39:in `call'
  actionpack (4.2.2) lib/action_dispatch/middleware/show_exceptions.rb:30:in `call'
  railties (4.2.2) lib/rails/rack/logger.rb:38:in `call_app'
  railties (4.2.2) lib/rails/rack/logger.rb:20:in `block in call'
  activesupport (4.2.2) lib/active_support/tagged_logging.rb:68:in `block in tagged'
  activesupport (4.2.2) lib/active_support/tagged_logging.rb:26:in `tagged'
  activesupport (4.2.2) lib/active_support/tagged_logging.rb:68:in `tagged'
  railties (4.2.2) lib/rails/rack/logger.rb:20:in `call'
  actionpack (4.2.2) lib/action_dispatch/middleware/request_id.rb:21:in `call'
  rack (1.6.4) lib/rack/methodoverride.rb:22:in `call'
  rack (1.6.4) lib/rack/runtime.rb:18:in `call'
  activesupport (4.2.2) lib/active_support/cache/strategy/local_cache_middleware.rb:28:in `call'
  rack (1.6.4) lib/rack/lock.rb:17:in `call'
  actionpack (4.2.2) lib/action_dispatch/middleware/static.rb:113:in `call'
  rack (1.6.4) lib/rack/sendfile.rb:113:in `call'
  railties (4.2.2) lib/rails/engine.rb:518:in `call'
  railties (4.2.2) lib/rails/application.rb:164:in `call'
  rack (1.6.4) lib/rack/lock.rb:17:in `call'
  rack (1.6.4) lib/rack/content_length.rb:15:in `call'
  rack (1.6.4) lib/rack/handler/webrick.rb:88:in `service'
  /Users/bryan/.rbenv/versions/2.2.2/lib/ruby/2.2.0/webrick/httpserver.rb:138:in `service'
  /Users/bryan/.rbenv/versions/2.2.2/lib/ruby/2.2.0/webrick/httpserver.rb:94:in `run'
  /Users/bryan/.rbenv/versions/2.2.2/lib/ruby/2.2.0/webrick/server.rb:294:in `block in start_thread'


  Rendered /Users/bryan/.rbenv/versions/2.2.2/lib/ruby/gems/2.2.0/gems/actionpack-4.2.2/lib/action_dispatch/middleware/templates/rescues/_source.erb (4.6ms)
  Rendered /Users/bryan/.rbenv/versions/2.2.2/lib/ruby/gems/2.2.0/gems/actionpack-4.2.2/lib/action_dispatch/middleware/templates/rescues/_trace.html.erb (2.1ms)
  Rendered /Users/bryan/.rbenv/versions/2.2.2/lib/ruby/gems/2.2.0/gems/actionpack-4.2.2/lib/action_dispatch/middleware/templates/rescues/_request_and_response.html.erb (0.7ms)
  Rendered /Users/bryan/.rbenv/versions/2.2.2/lib/ruby/gems/2.2.0/gems/actionpack-4.2.2/lib/action_dispatch/middleware/templates/rescues/missing_template.html.erb within rescues/layout (58.6ms)
  Rendered /Users/bryan/.rbenv/versions/2.2.2/lib/ruby/gems/2.2.0/gems/web-console-2.2.1/lib/web_console/templates/_markup.html.erb (0.3ms)
  Rendered /Users/bryan/.rbenv/versions/2.2.2/lib/ruby/gems/2.2.0/gems/web-console-2.2.1/lib/web_console/templates/_inner_console_markup.html.erb within layouts/inlined_string (0.3ms)
  Rendered /Users/bryan/.rbenv/versions/2.2.2/lib/ruby/gems/2.2.0/gems/web-console-2.2.1/lib/web_console/templates/_prompt_box_markup.html.erb within layouts/inlined_string (0.5ms)
  Rendered /Users/bryan/.rbenv/versions/2.2.2/lib/ruby/gems/2.2.0/gems/web-console-2.2.1/lib/web_console/templates/style.css.erb within layouts/inlined_string (0.3ms)
  Rendered /Users/bryan/.rbenv/versions/2.2.2/lib/ruby/gems/2.2.0/gems/web-console-2.2.1/lib/web_console/templates/console.js.erb within layouts/javascript (50.4ms)
  Rendered /Users/bryan/.rbenv/versions/2.2.2/lib/ruby/gems/2.2.0/gems/web-console-2.2.1/lib/web_console/templates/main.js.erb within layouts/javascript (0.3ms)
  Rendered /Users/bryan/.rbenv/versions/2.2.2/lib/ruby/gems/2.2.0/gems/web-console-2.2.1/lib/web_console/templates/error_page.js.erb within layouts/javascript (0.4ms)
  Rendered /Users/bryan/.rbenv/versions/2.2.2/lib/ruby/gems/2.2.0/gems/web-console-2.2.1/lib/web_console/templates/index.html.erb (107.7ms)


Started GET "/projects/new" for ::1 at 2015-07-21 16:46:42 -0400
Processing by ProjectsController#new as HTML
  Rendered projects/new.html.erb within layouts/application (4.1ms)
Completed 500 Internal Server Error in 12ms (ActiveRecord: 0.0ms)

ActionView::Template::Error (No route matches {:action=>"show", :controller=>"projects"} missing required keys: [:id]):
    1: <h1>New Project</h1>
    2: <nav id="projects_nav">
    3:   <%= link_to "Back to projects", project_path %>
    4: </nav>
    5: <%= render 'form' %>
  app/views/projects/new.html.erb:3:in `_app_views_projects_new_html_erb__1258114889814472415_70127540795720'


  Rendered /Users/bryan/.rbenv/versions/2.2.2/lib/ruby/gems/2.2.0/gems/actionpack-4.2.2/lib/action_dispatch/middleware/templates/rescues/_source.erb (6.5ms)
  Rendered /Users/bryan/.rbenv/versions/2.2.2/lib/ruby/gems/2.2.0/gems/actionpack-4.2.2/lib/action_dispatch/middleware/templates/rescues/_trace.html.erb (4.3ms)
  Rendered /Users/bryan/.rbenv/versions/2.2.2/lib/ruby/gems/2.2.0/gems/actionpack-4.2.2/lib/action_dispatch/middleware/templates/rescues/_request_and_response.html.erb (1.4ms)
  Rendered /Users/bryan/.rbenv/versions/2.2.2/lib/ruby/gems/2.2.0/gems/actionpack-4.2.2/lib/action_dispatch/middleware/templates/rescues/template_error.html.erb within rescues/layout (66.6ms)
  Rendered /Users/bryan/.rbenv/versions/2.2.2/lib/ruby/gems/2.2.0/gems/web-console-2.2.1/lib/web_console/templates/_markup.html.erb (0.7ms)
  Rendered /Users/bryan/.rbenv/versions/2.2.2/lib/ruby/gems/2.2.0/gems/web-console-2.2.1/lib/web_console/templates/_inner_console_markup.html.erb within layouts/inlined_string (0.4ms)
  Rendered /Users/bryan/.rbenv/versions/2.2.2/lib/ruby/gems/2.2.0/gems/web-console-2.2.1/lib/web_console/templates/_prompt_box_markup.html.erb within layouts/inlined_string (0.3ms)
  Rendered /Users/bryan/.rbenv/versions/2.2.2/lib/ruby/gems/2.2.0/gems/web-console-2.2.1/lib/web_console/templates/style.css.erb within layouts/inlined_string (0.3ms)
  Rendered /Users/bryan/.rbenv/versions/2.2.2/lib/ruby/gems/2.2.0/gems/web-console-2.2.1/lib/web_console/templates/console.js.erb within layouts/javascript (52.7ms)
  Rendered /Users/bryan/.rbenv/versions/2.2.2/lib/ruby/gems/2.2.0/gems/web-console-2.2.1/lib/web_console/templates/main.js.erb within layouts/javascript (0.3ms)
  Rendered /Users/bryan/.rbenv/versions/2.2.2/lib/ruby/gems/2.2.0/gems/web-console-2.2.1/lib/web_console/templates/error_page.js.erb within layouts/javascript (0.4ms)
  Rendered /Users/bryan/.rbenv/versions/2.2.2/lib/ruby/gems/2.2.0/gems/web-console-2.2.1/lib/web_console/templates/index.html.erb (120.2ms)


Started GET "/projects/new" for ::1 at 2015-07-21 16:46:54 -0400
Processing by ProjectsController#new as HTML
  Rendered projects/_form.html.erb (53.4ms)
  Rendered projects/new.html.erb within layouts/application (56.2ms)
Completed 200 OK in 120ms (Views: 119.6ms | ActiveRecord: 0.0ms)


Started GET "/assets/scaffolds.self-54450b195bf152661aa66b0c6b1fc7cc1d13119cef630a2098bbf2944b80ed67.css?body=1" for ::1 at 2015-07-21 16:46:54 -0400


Started GET "/assets/projects.self-e3b0c44298fc1c149afbf4c8996fb92427ae41e4649b934ca495991b7852b855.css?body=1" for ::1 at 2015-07-21 16:46:54 -0400


Started GET "/assets/users.self-e3b0c44298fc1c149afbf4c8996fb92427ae41e4649b934ca495991b7852b855.css?body=1" for ::1 at 2015-07-21 16:46:54 -0400


Started GET "/assets/user_sessions.self-e3b0c44298fc1c149afbf4c8996fb92427ae41e4649b934ca495991b7852b855.css?body=1" for ::1 at 2015-07-21 16:46:54 -0400


Started GET "/assets/application.self-e80e8f2318043e8af94dddc2adad5a4f09739a8ebb323b3ab31cd71d45fd9113.css?body=1" for ::1 at 2015-07-21 16:46:54 -0400


Started GET "/assets/jquery.self-d03a5518f45df77341bdbe6201ba3bfa547ebba8ed64f0ea56bfa5f96ea7c074.js?body=1" for ::1 at 2015-07-21 16:46:54 -0400


Started GET "/assets/jquery_ujs.self-ca5248a2fad13d6bd58ea121318d642f195f0b2dd818b30615f785ff365e8d1f.js?body=1" for ::1 at 2015-07-21 16:46:54 -0400


Started GET "/assets/turbolinks.self-c37727e9bd6b2735da5c311aa83fead54ed0be6cc8bd9a65309e9c5abe2cbfff.js?body=1" for ::1 at 2015-07-21 16:46:54 -0400


Started GET "/assets/projects.self-877aef30ae1b040ab8a3aba4e3e309a11d7f2612f44dde450b5c157aa5f95c05.js?body=1" for ::1 at 2015-07-21 16:46:54 -0400


Started GET "/assets/user_sessions.self-877aef30ae1b040ab8a3aba4e3e309a11d7f2612f44dde450b5c157aa5f95c05.js?body=1" for ::1 at 2015-07-21 16:46:54 -0400


Started GET "/assets/users.self-877aef30ae1b040ab8a3aba4e3e309a11d7f2612f44dde450b5c157aa5f95c05.js?body=1" for ::1 at 2015-07-21 16:46:54 -0400


Started GET "/assets/application.self-3b8dabdc891efe46b9a144b400ad69e37d7e5876bdc39dee783419a69d7ca819.js?body=1" for ::1 at 2015-07-21 16:46:54 -0400


Started POST "/projects" for ::1 at 2015-07-21 16:47:21 -0400
Processing by ProjectsController#create as HTML
  Parameters: {"utf8"=>"✓", "authenticity_token"=>"7CjgGmLdIGCbGSjDjjsguqj/IqGJ5QTNv05C2ydcrrRfMF0MqSVkenhzxPKWbrq/EhbCPH0X1u9co30/2iWwFQ==", "project"=>{"name"=>"Test project", "description"=>"Donate to my project", "funding_goal"=>"1000", "start_date"=>"2015-07-22", "end_date"=>"2015-07-31"}, "commit"=>"Create Project"}
  [1m[35m (0.1ms)[0m  begin transaction
  [1m[36mSQL (2.7ms)[0m  [1mINSERT INTO "projects" ("name", "description", "start_date", "end_date", "funding_goal", "created_at", "updated_at") VALUES (?, ?, ?, ?, ?, ?, ?)[0m  [["name", "Test project"], ["description", "Donate to my project"], ["start_date", "2015-07-22 00:00:00.000000"], ["end_date", "2015-07-31 00:00:00.000000"], ["funding_goal", 1000], ["created_at", "2015-07-21 20:47:21.167084"], ["updated_at", "2015-07-21 20:47:21.167084"]]
  [1m[35m (3.1ms)[0m  commit transaction
Redirected to http://localhost:3000/projects
Completed 302 Found in 21ms (ActiveRecord: 6.0ms)


Started GET "/projects" for ::1 at 2015-07-21 16:47:21 -0400
Processing by ProjectsController#index as HTML
  [1m[36mProject Load (0.2ms)[0m  [1mSELECT "projects".* FROM "projects"[0m
  Rendered projects/_project.html.erb (1.5ms)
  Rendered projects/index.html.erb within layouts/application (5.0ms)
Completed 200 OK in 49ms (Views: 47.9ms | ActiveRecord: 0.2ms)
